Epoch	Loss
0	34201.94140625
1	12631008.0
2	5071.29541015625
3	4705.67529296875
4	4398.76025390625
5	4137.19091796875
6	3912.233642578125
7	3716.675537109375
8	3545.439208984375
9	3394.60888671875
10	3260.276123046875
11	3139.7919921875
12	3030.839599609375
13	2931.9697265625
14	2841.69384765625
15	2759.186767578125
16	2683.572265625
17	2613.675537109375
18	2549.17822265625
19	2489.53076171875
20	2434.0205078125
21	2382.29638671875
22	2333.962646484375
23	2288.809814453125
24	2246.482666015625
25	2206.75439453125
26	2169.513671875
27	2134.533447265625
28	2101.51416015625
29	2070.411376953125
30	2041.066650390625
31	2013.4478759765625
32	1987.326171875
33	1962.5771484375
34	1939.1685791015625
35	1916.8984375
36	1895.739013671875
37	1875.5560302734375
38	1856.32080078125
39	1837.9425048828125
40	1820.25244140625
41	1803.42041015625
42	1787.451171875
43	1772.2724609375
44	1757.8533935546875
45	1744.093994140625
46	1730.9537353515625
47	1718.382080078125
48	1706.357666015625
49	1694.8123779296875
50	1683.7493896484375
51	1673.1474609375
52	1663.0440673828125
53	1653.4642333984375
54	1644.3067626953125
55	1635.5018310546875
56	1627.032470703125
57	1618.9285888671875
58	1611.05322265625
59	1603.4808349609375
60	1596.1190185546875
61	1589.0206298828125
62	1582.1827392578125
63	1575.572509765625
64	1569.2159423828125
65	1563.040283203125
66	1557.005126953125
67	1551.129150390625
68	1545.4306640625
69	1539.951416015625
70	1534.686279296875
71	1529.6190185546875
72	1524.774658203125
73	1520.1553955078125
74	1515.713623046875
75	1511.438232421875
76	1507.29150390625
77	1503.3040771484375
78	1499.4388427734375
79	1495.723388671875
80	1492.1116943359375
81	1488.615234375
82	1485.25634765625
83	1481.9815673828125
84	1478.8035888671875
85	1475.7401123046875
86	1472.7674560546875
87	1469.8585205078125
88	1467.00830078125
89	1464.238525390625
90	1461.5294189453125
91	1458.87841796875
92	1456.324462890625
93	1453.8408203125
94	1451.440673828125
95	1449.132568359375
96	1446.9014892578125
97	1444.763427734375
98	1442.684326171875
99	1440.657470703125
100	1438.67626953125
101	1436.7528076171875
102	1434.871337890625
103	1433.044921875
104	1431.2611083984375
105	1429.4998779296875
106	1427.7681884765625
107	1426.0692138671875
108	1424.3946533203125
109	1422.7369384765625
110	1421.097412109375
111	1419.5009765625
112	1417.93798828125
113	1416.392578125
114	1414.8912353515625
115	1413.4248046875
116	1411.9876708984375
117	1410.568359375
118	1409.16748046875
119	1407.79052734375
120	1406.452880859375
121	1405.1484375
122	1403.8580322265625
123	1402.595458984375
124	1401.35791015625
125	1400.1461181640625
126	1398.9644775390625
127	1397.820068359375
128	1396.7083740234375
129	1395.6253662109375
130	1394.5767822265625
131	1393.563232421875
132	1392.5748291015625
133	1391.608642578125
134	1390.6605224609375
135	1389.7305908203125
136	1388.81689453125
137	1387.9228515625
138	1387.0574951171875
139	1386.216064453125
140	1385.390380859375
141	1384.5831298828125
142	1383.79345703125
143	1383.020263671875
144	1382.2593994140625
145	1381.5174560546875
146	1380.7901611328125
147	1380.078125
148	1379.36767578125
149	1378.6710205078125
150	1377.9903564453125
151	1377.336181640625
152	1376.6934814453125
153	1376.0643310546875
154	1375.44677734375
155	1374.8408203125
156	1374.2474365234375
157	1373.66455078125
158	1373.0880126953125
159	1372.5240478515625
160	1371.9698486328125
161	1371.421142578125
162	1370.876953125
163	1370.34765625
164	1369.8297119140625
165	1369.31982421875
166	1368.821044921875
167	1368.334716796875
168	1367.8558349609375
169	1367.3843994140625
170	1366.9251708984375
171	1366.4696044921875
172	1366.02490234375
173	1365.591552734375
174	1365.1737060546875
175	1364.7630615234375
176	1364.3594970703125
177	1363.9593505859375
178	1363.565673828125
179	1363.1802978515625
180	1362.8004150390625
181	1362.4268798828125
182	1362.064208984375
183	1361.713134765625
184	1361.369384765625
185	1361.0311279296875
186	1360.6978759765625
187	1360.372802734375
188	1360.0506591796875
189	1359.7354736328125
190	1359.421875
191	1359.113525390625
192	1358.80810546875
193	1358.502197265625
194	1358.20947265625
195	1357.920166015625
196	1357.6373291015625
197	1357.3572998046875
198	1357.084716796875
199	1356.820556640625
200	1356.563720703125
201	1356.3101806640625
202	1356.05712890625
203	1355.7957763671875
204	1355.5360107421875
205	1355.2789306640625
206	1355.025634765625
207	1354.77880859375
208	1354.53369140625
209	1354.2896728515625
210	1354.0465087890625
211	1353.807861328125
212	1353.5706787109375
213	1353.3343505859375
214	1353.0982666015625
215	1352.865966796875
216	1352.6378173828125
217	1352.4122314453125
218	1352.189453125
219	1351.9681396484375
220	1351.7470703125
221	1351.528564453125
222	1351.31201171875
223	1351.0980224609375
224	1350.8843994140625
225	1350.6707763671875
226	1350.458984375
227	1350.2493896484375
228	1350.0413818359375
229	1349.83251953125
230	1349.62646484375
231	1349.4244384765625
232	1349.224609375
233	1349.021728515625
234	1348.820556640625
235	1348.6207275390625
236	1348.4232177734375
237	1348.2279052734375
238	1348.0355224609375
239	1347.8455810546875
240	1347.6571044921875
241	1347.4710693359375
242	1347.28662109375
243	1347.1033935546875
244	1346.9205322265625
245	1346.7391357421875
246	1346.55859375
247	1346.3785400390625
248	1346.19970703125
249	1346.02197265625
250	1345.8453369140625
251	1345.6693115234375
252	1345.49267578125
253	1345.31640625
254	1345.144775390625
255	1344.9730224609375
256	1344.8023681640625
257	1344.6319580078125
258	1344.4619140625
259	1344.29345703125
260	1344.1270751953125
261	1343.9617919921875
262	1343.7967529296875
263	1343.630859375
264	1343.465576171875
265	1343.300048828125
266	1343.1336669921875
267	1342.9676513671875
268	1342.80322265625
269	1342.639892578125
270	1342.477783203125
271	1342.31982421875
272	1342.16357421875
273	1342.0079345703125
274	1341.8516845703125
275	1341.6962890625
276	1341.541748046875
277	1341.3880615234375
278	1341.23828125
279	1341.088623046875
280	1340.9393310546875
281	1340.790771484375
282	1340.6407470703125
283	1340.4915771484375
284	1340.3421630859375
285	1340.1932373046875
286	1340.044677734375
287	1339.896728515625
288	1339.7489013671875
289	1339.5975341796875
290	1339.44677734375
291	1339.2962646484375
292	1339.1463623046875
293	1338.9969482421875
294	1338.8482666015625
295	1338.699462890625
296	1338.5504150390625
297	1338.4007568359375
298	1338.25146484375
299	1338.1021728515625
300	1337.9544677734375
301	1337.80712890625
302	1337.6600341796875
303	1337.513916015625
304	1337.3685302734375
305	1337.22314453125
306	1337.0777587890625
307	1336.9310302734375
308	1336.7843017578125
309	1336.6370849609375
310	1336.4881591796875
311	1336.3388671875
312	1336.1905517578125
313	1336.04296875
314	1335.8968505859375
315	1335.750244140625
316	1335.603759765625
317	1335.4573974609375
318	1335.3096923828125
319	1335.16162109375
320	1335.0147705078125
321	1334.86474609375
322	1334.71484375
323	1334.5650634765625
324	1334.4154052734375
325	1334.2666015625
326	1334.1180419921875
327	1333.9698486328125
328	1333.8221435546875
329	1333.675048828125
330	1333.5279541015625
331	1333.381103515625
332	1333.2340087890625
333	1333.0855712890625
334	1332.9337158203125
335	1332.7794189453125
336	1332.6259765625
337	1332.4727783203125
338	1332.3201904296875
339	1332.1676025390625
340	1332.01416015625
341	1331.861328125
342	1331.7081298828125
343	1331.5550537109375
344	1331.4024658203125
345	1331.2498779296875
346	1331.0985107421875
347	1330.947021484375
348	1330.7962646484375
349	1330.646240234375
350	1330.4962158203125
351	1330.346435546875
352	1330.1954345703125
353	1330.0404052734375
354	1329.8814697265625
355	1329.722900390625
356	1329.564697265625
357	1329.4061279296875
358	1329.2467041015625
359	1329.088134765625
360	1328.93017578125
361	1328.7724609375
362	1328.61474609375
363	1328.4552001953125
364	1328.29638671875
365	1328.1375732421875
366	1327.9793701171875
367	1327.82177734375
368	1327.6641845703125
369	1327.507080078125
370	1327.350341796875
371	1327.1929931640625
372	1327.0301513671875
373	1326.8675537109375
374	1326.7052001953125
375	1326.5435791015625
376	1326.382080078125
377	1326.22119140625
378	1326.0609130859375
379	1325.9019775390625
380	1325.74365234375
381	1325.5836181640625
382	1325.42138671875
383	1325.259765625
384	1325.097900390625
385	1324.936767578125
386	1324.775390625
387	1324.6104736328125
388	1324.4427490234375
389	1324.27392578125
390	1324.101806640625
391	1323.9302978515625
392	1323.7598876953125
393	1323.5927734375
394	1323.4261474609375
395	1323.2596435546875
396	1323.0887451171875
397	1322.919189453125
398	1322.7498779296875
399	1322.58203125
400	1322.415283203125
401	1322.248779296875
402	1322.083251953125
403	1321.9169921875
404	1321.751708984375
405	1321.5872802734375
406	1321.42333984375
407	1321.258544921875
408	1321.0880126953125
409	1320.914794921875
410	1320.7366943359375
411	1320.5601806640625
412	1320.3846435546875
413	1320.210205078125
414	1320.0364990234375
415	1319.8631591796875
416	1319.687744140625
417	1319.5059814453125
418	1319.3175048828125
419	1319.1307373046875
420	1318.94677734375
421	1318.763916015625
422	1318.5784912109375
423	1318.3887939453125
424	1318.2000732421875
425	1318.0125732421875
426	1317.8154296875
427	1317.6181640625
428	1317.4185791015625
429	1317.2205810546875
430	1317.023681640625
431	1316.8282470703125
432	1316.6341552734375
433	1316.441162109375
434	1316.2491455078125
435	1316.05810546875
436	1315.8668212890625
437	1315.6759033203125
438	1315.4832763671875
439	1315.2835693359375
440	1315.083251953125
441	1314.8837890625
442	1314.6845703125
443	1314.480712890625
444	1314.2724609375
445	1314.06689453125
446	1313.8597412109375
447	1313.6427001953125
448	1313.420654296875
449	1313.201171875
450	1312.98388671875
451	1312.768798828125
452	1312.5548095703125
453	1312.332275390625
454	1312.1103515625
455	1311.8804931640625
456	1311.64453125
457	1311.4107666015625
458	1311.1783447265625
459	1310.9444580078125
460	1310.7054443359375
461	1310.4656982421875
462	1310.2274169921875
463	1309.986572265625
464	1309.739990234375
465	1309.4964599609375
466	1309.2557373046875
467	1309.013916015625
468	1308.7578125
469	1308.495361328125
470	1308.2322998046875
471	1307.972412109375
472	1307.715576171875
473	1307.4583740234375
474	1307.197998046875
475	1306.9395751953125
476	1306.683837890625
477	1306.43017578125
478	1306.178955078125
479	1305.92919921875
480	1305.6810302734375
481	1305.4345703125
482	1305.189208984375
483	1304.9444580078125
484	1304.701416015625
485	1304.459716796875
486	1304.21923828125
487	1303.979248046875
488	1303.7403564453125
489	1303.5042724609375
490	1303.2691650390625
491	1303.03466796875
492	1302.801513671875
493	1302.569580078125
494	1302.3388671875
495	1302.1092529296875
496	1301.8807373046875
497	1301.6534423828125
498	1301.427734375
499	1301.203369140625
500	1300.98046875
501	1300.7540283203125
502	1300.5225830078125
503	1300.2857666015625
504	1300.042236328125
505	1299.801025390625
506	1299.562255859375
507	1299.3251953125
508	1299.08984375
509	1298.8536376953125
510	1298.613037109375
511	1298.3721923828125
512	1298.1273193359375
513	1297.8848876953125
514	1297.6446533203125
515	1297.4061279296875
516	1297.168701171875
517	1296.932861328125
518	1296.697998046875
519	1296.46337890625
520	1296.2298583984375
521	1295.99755859375
522	1295.7659912109375
523	1295.5361328125
524	1295.2952880859375
525	1295.0537109375
526	1294.811767578125
527	1294.569091796875
528	1294.3272705078125
529	1294.0841064453125
530	1293.8385009765625
531	1293.595703125
532	1293.3538818359375
533	1293.113525390625
534	1292.869140625
535	1292.6102294921875
536	1292.353515625
537	1292.09814453125
538	1291.8394775390625
539	1291.5804443359375
540	1291.3179931640625
541	1291.0572509765625
542	1290.798828125
543	1290.542236328125
544	1290.287109375
545	1290.0341796875
546	1289.781494140625
547	1289.5250244140625
548	1289.2579345703125
549	1288.9930419921875
550	1288.7301025390625
551	1288.4686279296875
552	1288.208740234375
553	1287.9493408203125
554	1287.6900634765625
555	1287.424072265625
556	1287.1571044921875
557	1286.893310546875
558	1286.6319580078125
559	1286.3717041015625
560	1286.1090087890625
561	1285.8487548828125
562	1285.586181640625
563	1285.3170166015625
564	1285.0504150390625
565	1284.7828369140625
566	1284.50830078125
567	1284.2327880859375
568	1283.9541015625
569	1283.6744384765625
570	1283.3931884765625
571	1283.10595703125
572	1282.81494140625
573	1282.519287109375
574	1282.2056884765625
575	1281.899658203125
576	1281.5919189453125
577	1281.289794921875
578	1280.985595703125
579	1280.6630859375
580	1280.33056640625
581	1280.0006103515625
582	1279.6654052734375
583	1279.2943115234375
584	1278.9234619140625
585	1278.52978515625
586	1278.1427001953125
587	1277.764892578125
588	1277.3875732421875
589	1277.0240478515625
590	1276.66748046875
591	1276.31640625
592	1275.9478759765625
593	1275.584716796875
594	1275.2269287109375
595	1274.870361328125
596	1274.508056640625
597	1274.14013671875
598	1273.770263671875
599	1273.4102783203125
600	1273.0382080078125
601	1272.6683349609375
602	1272.3006591796875
603	1271.94384765625
604	1271.5966796875
605	1271.2545166015625
606	1270.910888671875
607	1270.5660400390625
608	1270.1956787109375
609	1269.8343505859375
610	1269.480712890625
611	1269.1324462890625
612	1268.787841796875
613	1268.4359130859375
614	1268.0604248046875
615	1267.6839599609375
616	1267.297119140625
617	1266.9014892578125
618	1266.504150390625
619	1266.1021728515625
620	1265.6822509765625
621	1265.254150390625
622	1264.838134765625
623	1264.4263916015625
624	1264.0142822265625
625	1263.6011962890625
626	1263.19580078125
627	1262.7977294921875
628	1262.3975830078125
629	1261.9722900390625
630	1261.5526123046875
631	1261.1361083984375
632	1260.71044921875
633	1260.277099609375
634	1259.8345947265625
635	1259.3509521484375
636	1258.8538818359375
637	1258.37109375
638	1257.90478515625
639	1257.444580078125
640	1256.9783935546875
641	1256.5013427734375
642	1256.0340576171875
643	1255.5682373046875
644	1255.1016845703125
645	1254.615966796875
646	1254.1290283203125
647	1253.653076171875
648	1253.18115234375
649	1252.6953125
650	1252.208251953125
651	1251.7142333984375
652	1251.2279052734375
653	1250.742919921875
654	1250.2430419921875
655	1249.7462158203125
656	1249.2547607421875
657	1248.764892578125
658	1248.2769775390625
659	1247.78564453125
660	1247.2822265625
661	1246.748291015625
662	1246.21728515625
663	1245.6907958984375
664	1245.172607421875
665	1244.6339111328125
666	1244.0975341796875
667	1243.571533203125
668	1243.040771484375
669	1242.4998779296875
670	1241.955078125
671	1241.4222412109375
672	1240.89697265625
673	1240.376953125
674	1239.8612060546875
675	1239.34912109375
676	1238.8402099609375
677	1238.3338623046875
678	1237.8248291015625
679	1237.3170166015625
680	1236.7994384765625
681	1236.2808837890625
682	1235.7672119140625
683	1235.2471923828125
684	1234.7039794921875
685	1234.168212890625
686	1233.6385498046875
687	1233.106201171875
688	1232.568603515625
689	1232.0179443359375
690	1231.44921875
691	1230.8604736328125
692	1230.26611328125
693	1229.6824951171875
694	1229.1036376953125
695	1228.52197265625
696	1227.9415283203125
697	1227.36376953125
698	1226.776123046875
699	1226.1744384765625
700	1225.53759765625
701	1224.8897705078125
702	1224.246337890625
703	1223.6025390625
704	1222.9615478515625
705	1222.3228759765625
706	1221.6729736328125
707	1221.0191650390625
708	1220.3682861328125
709	1219.7249755859375
710	1219.08740234375
711	1218.45263671875
712	1217.8199462890625
713	1217.1800537109375
714	1216.5367431640625
715	1215.8963623046875
716	1215.253173828125
717	1214.5697021484375
718	1213.8704833984375
719	1213.1715087890625
720	1212.465087890625
721	1211.7608642578125
722	1211.069091796875
723	1210.3680419921875
724	1209.6668701171875
725	1208.9388427734375
726	1208.1529541015625
727	1207.3740234375
728	1206.566162109375
729	1205.76513671875
730	1204.98291015625
731	1204.2169189453125
732	1203.44677734375
733	1202.6759033203125
734	1201.9111328125
735	1201.1273193359375
736	1200.341552734375
737	1199.562255859375
738	1198.7855224609375
739	1198.006591796875
740	1197.2137451171875
741	1196.4134521484375
742	1195.5953369140625
743	1194.7882080078125
744	1193.9744873046875
745	1193.1689453125
746	1192.3603515625
747	1191.5516357421875
748	1190.7391357421875
749	1189.9296875
750	1189.1031494140625
751	1188.2698974609375
752	1187.429443359375
753	1186.5487060546875
754	1185.67236328125
755	1184.7984619140625
756	1183.9141845703125
757	1183.03515625
758	1182.15869140625
759	1181.2847900390625
760	1180.409423828125
761	1179.5238037109375
762	1178.625244140625
763	1177.727294921875
764	1176.8375244140625
765	1175.932373046875
766	1175.0390625
767	1174.1534423828125
768	1173.2734375
769	1172.396240234375
770	1171.523681640625
771	1170.6429443359375
772	1169.758544921875
773	1168.87646484375
774	1168.0009765625
775	1167.128173828125
776	1166.2564697265625
777	1165.3775634765625
778	1164.4554443359375
779	1163.4814453125
780	1162.4951171875
781	1161.50341796875
782	1160.53955078125
783	1159.55126953125
784	1158.5526123046875
785	1157.5125732421875
786	1156.4578857421875
787	1155.3909912109375
788	1154.3372802734375
789	1153.293212890625
790	1152.227783203125
791	1151.1519775390625
792	1150.072021484375
793	1149.0029296875
794	1147.9483642578125
795	1146.90478515625
796	1145.864990234375
797	1144.8272705078125
798	1143.7965087890625
799	1142.760498046875
800	1141.7254638671875
801	1140.6865234375
802	1139.6575927734375
803	1138.6346435546875
804	1137.6151123046875
805	1136.6007080078125
806	1135.59033203125
807	1134.565673828125
808	1133.5211181640625
809	1132.464599609375
810	1131.3685302734375
811	1130.2728271484375
812	1129.15625
813	1128.0206298828125
814	1126.88623046875
815	1125.7662353515625
816	1124.63232421875
817	1123.5078125
818	1122.3785400390625
819	1121.2279052734375
820	1120.0875244140625
821	1118.947998046875
822	1117.8074951171875
823	1116.6746826171875
824	1115.54833984375
825	1114.4190673828125
826	1113.288818359375
827	1112.1480712890625
828	1111.0054931640625
829	1109.8489990234375
830	1108.68798828125
831	1107.5372314453125
832	1106.3873291015625
833	1105.2086181640625
834	1104.0130615234375
835	1102.79833984375
836	1101.5775146484375
837	1100.3624267578125
838	1099.1314697265625
839	1097.874755859375
840	1096.5465087890625
841	1095.2205810546875
842	1093.90673828125
843	1092.579833984375
844	1091.234375
845	1089.896240234375
846	1088.56982421875
847	1087.26318359375
848	1085.9566650390625
849	1084.5909423828125
850	1083.1160888671875
851	1081.685791015625
852	1080.220703125
853	1078.767578125
854	1077.298583984375
855	1075.844482421875
856	1074.403076171875
857	1072.968505859375
858	1071.5120849609375
859	1069.9964599609375
860	1068.41650390625
861	1066.8455810546875
862	1065.2789306640625
863	1063.6746826171875
864	1062.113525390625
865	1060.5693359375
866	1059.009033203125
867	1057.4429931640625
868	1055.8870849609375
869	1054.32177734375
870	1052.781005859375
871	1051.2427978515625
872	1049.736083984375
873	1048.2554931640625
874	1046.77880859375
875	1045.342529296875
876	1043.8050537109375
877	1042.3763427734375
878	1040.802490234375
879	1039.39306640625
880	1037.8468017578125
881	1036.3946533203125
882	1034.8314208984375
883	1033.3682861328125
884	1031.8487548828125
885	1030.411376953125
886	1028.9583740234375
887	1027.5374755859375
888	1026.0341796875
889	1024.6231689453125
890	1023.1327514648438
891	1021.8372192382812
892	1020.2899780273438
893	1018.9114990234375
894	1017.3609008789062
895	1015.9692993164062
896	1014.4541015625
897	1013.0089111328125
898	1011.44873046875
899	1010.065673828125
900	1008.6143798828125
901	1007.1680297851562
902	1005.6771850585938
903	1004.2035522460938
904	1002.8150634765625
905	1001.6273193359375
906	1000.120361328125
907	998.8611450195312
908	997.5538330078125
909	996.4800415039062
910	994.9176025390625
911	994.0399169921875
912	993.100830078125
913	992.8910522460938
914	993.7711181640625
915	993.5792236328125
916	999.373046875
917	992.8513793945312
918	1000.2819213867188
919	992.4312133789062
920	999.603271484375
921	991.5176391601562
922	998.2167358398438
923	995.2486572265625
924	998.3441162109375
925	996.7919311523438
926	997.592529296875
927	995.6118774414062
928	994.4898071289062
929	993.8665161132812
930	992.9329833984375
931	993.0656127929688
932	991.09375
933	989.6126098632812
934	988.4930419921875
935	987.2658081054688
936	986.7830200195312
937	985.9490966796875
938	984.8682250976562
939	980.5432739257812
940	986.19921875
941	985.0977172851562
942	984.91552734375
943	978.6131591796875
944	979.5681762695312
945	974.5660400390625
946	981.3590087890625
947	971.5753173828125
948	969.7902221679688
949	969.7498168945312
950	975.3968505859375
951	968.5824584960938
952	967.766845703125
953	964.0509033203125
954	967.8994140625
955	960.5731201171875
956	962.864990234375
957	959.158935546875
958	961.6676635742188
959	956.0527954101562
960	957.9926147460938
961	952.3063354492188
962	952.9151611328125
963	952.1810913085938
964	955.5347900390625
965	948.0128784179688
966	950.6994018554688
967	942.2075805664062
968	942.968505859375
969	938.335693359375
970	943.7714233398438
971	937.819580078125
972	941.9976806640625
973	937.0407104492188
974	935.9932861328125
975	929.0343017578125
976	929.3587646484375
977	925.8384399414062
978	925.1148681640625
979	921.4169921875
980	918.9110107421875
981	915.8125
982	912.918212890625
983	908.6329956054688
984	905.6133422851562
985	903.7439575195312
986	906.0556030273438
987	898.2955322265625
988	900.3073120117188
989	891.9010009765625
990	895.39111328125
991	889.1375122070312
992	889.1178588867188
993	886.244873046875
994	887.7515869140625
995	884.93701171875
996	886.39599609375
997	880.9899291992188
998	878.2155151367188
999	879.411376953125
1000	876.653076171875
1001	875.572265625
1002	873.4320678710938
1003	872.6507568359375
1004	868.6793823242188
1005	870.0057983398438
1006	863.6237182617188
1007	865.6043090820312
1008	856.7138061523438
1009	862.5437622070312
1010	851.6036376953125
1011	855.1510620117188
1012	846.341552734375
1013	849.2052612304688
1014	839.9315795898438
1015	841.5181274414062
1016	830.8546142578125
1017	830.9905395507812
1018	818.4054565429688
1019	818.3370361328125
1020	805.6482543945312
1021	806.1397094726562
1022	792.2982177734375
1023	793.3538818359375
1024	777.796630859375
1025	777.9044189453125
1026	764.330078125
1027	767.0072021484375
1028	754.4943237304688
1029	759.0408325195312
1030	746.2810668945312
1031	750.0374755859375
1032	738.9539794921875
1033	743.595947265625
1034	732.5518188476562
1035	736.545166015625
1036	726.254150390625
1037	731.2833862304688
1038	721.8942260742188
1039	726.523681640625
1040	716.7315673828125
1041	719.4555053710938
1042	710.8291015625
1043	712.3231201171875
1044	702.8270263671875
1045	703.2568969726562
1046	693.343017578125
1047	693.2278442382812
1048	683.0217895507812
1049	686.1959228515625
1050	675.3583374023438
1051	680.3460693359375
1052	668.2860107421875
1053	674.3934326171875
1054	664.051025390625
1055	670.5554809570312
1056	660.2564086914062
1057	667.0296630859375
1058	656.8108520507812
1059	666.2028198242188
1060	659.4695434570312
1061	663.5947265625
1062	652.0477905273438
1063	657.4866333007812
1064	651.6874389648438
1065	652.5801391601562
1066	645.5423583984375
1067	653.0953979492188
1068	655.3316040039062
1069	652.6563720703125
1070	644.3350830078125
1071	659.419921875
1072	670.7242431640625
1073	658.5773315429688
1074	645.0953369140625
1075	639.75634765625
1076	641.6652221679688
1077	633.300048828125
1078	637.51904296875
1079	636.9461669921875
1080	650.6112060546875
1081	632.1846923828125
1082	627.4833374023438
1083	641.8807373046875
1084	653.1290893554688
1085	644.2079467773438
1086	604.8640747070312
1087	604.3541870117188
1088	597.4393310546875
1089	599.8528442382812
1090	595.1524047851562
1091	598.9956665039062
1092	598.0638427734375
1093	612.1017456054688
1094	632.8545532226562
1095	609.7216796875
1096	586.1641235351562
1097	589.6915283203125
1098	590.3610229492188
1099	602.4074096679688
1100	626.1632690429688
1101	596.573974609375
1102	573.9180297851562
1103	572.7149047851562
1104	567.39404296875
1105	568.2922973632812
1106	570.0072631835938
1107	585.451904296875
1108	624.9067993164062
1109	587.9373168945312
1110	565.1278076171875
1111	571.0242919921875
1112	572.0958862304688
1113	604.5908203125
1114	553.9761962890625
1115	552.5563354492188
1116	554.2769165039062
1117	563.4443969726562
1118	579.452880859375
1119	629.2078247070312
1120	583.861572265625
1121	563.731689453125
1122	577.9303588867188
1123	580.5460815429688
1124	633.6329956054688
1125	592.6995239257812
1126	655.638671875
1127	578.2659301757812
1128	597.0821533203125
1129	582.4096069335938
1130	602.04248046875
1131	560.25537109375
1132	549.9603271484375
1133	556.9816284179688
1134	558.1712036132812
1135	551.1075439453125
1136	549.3844604492188
1137	546.6065063476562
1138	542.6557006835938
1139	539.6459350585938
1140	535.4024658203125
1141	532.3018798828125
1142	528.40380859375
1143	525.6817016601562
1144	523.0388793945312
1145	521.7483520507812
1146	522.2048950195312
1147	521.8735961914062
1148	526.0485229492188
1149	523.55712890625
1150	530.767822265625
1151	524.4718627929688
1152	530.0138549804688
1153	521.7682495117188
1154	523.1051025390625
1155	518.1784057617188
1156	515.6722412109375
1157	515.434326171875
1158	510.48651123046875
1159	513.5147705078125
1160	508.4967041015625
1161	514.0238037109375
1162	506.8825988769531
1163	513.6842041015625
1164	505.8609313964844
1165	513.3048706054688
1166	505.3524475097656
1167	512.8987426757812
1168	505.4528503417969
1169	513.0093383789062
1170	506.5574035644531
1171	514.1890869140625
1172	509.10833740234375
1173	517.040283203125
1174	513.9541625976562
1175	521.0506591796875
1176	520.0814208984375
1177	525.246826171875
1178	528.603759765625
1179	530.3363647460938
1180	534.7766723632812
1181	530.5106201171875
1182	533.8876342773438
1183	526.9466552734375
1184	526.5761108398438
1185	521.771728515625
1186	520.738525390625
1187	518.5725708007812
1188	515.9846801757812
1189	515.3298950195312
1190	512.8507080078125
1191	512.81591796875
1192	510.8451843261719
1193	512.3279418945312
1194	508.5040283203125
1195	510.9402160644531
1196	506.6772766113281
1197	510.132080078125
1198	505.3587951660156
1199	509.0002136230469
1200	504.2450866699219
1201	508.4001770019531
1202	503.6973571777344
1203	508.4162902832031
1204	503.75042724609375
1205	508.97088623046875
1206	504.2528991699219
1207	509.9519348144531
1208	505.08355712890625
1209	511.04498291015625
1210	506.035888671875
1211	511.957763671875
1212	507.1251525878906
1213	512.6953125
1214	508.3213195800781
1215	513.2593383789062
1216	509.7477111816406
1217	513.758544921875
1218	511.4657287597656
1219	514.1427612304688
1220	513.24560546875
1221	514.3189086914062
1222	514.3743896484375
1223	513.8160400390625
1224	514.1138305664062
1225	512.6141357421875
1226	512.4953002929688
1227	511.26251220703125
1228	510.26019287109375
1229	510.3847961425781
1230	508.6790771484375
1231	510.8460693359375
1232	508.1795959472656
1233	514.0174560546875
1234	509.0867919921875
1235	519.7714233398438
1236	508.42840576171875
1237	519.262451171875
1238	506.8338317871094
1239	515.6466674804688
1240	506.1004943847656
1241	514.2239379882812
1242	505.3656311035156
1243	512.5413208007812
1244	504.8869934082031
1245	511.3213195800781
1246	504.4627685546875
1247	510.25872802734375
1248	504.2945251464844
1249	509.8126525878906
1250	504.2987976074219
1251	509.6278991699219
1252	504.44342041015625
1253	509.59381103515625
1254	504.634765625
1255	509.43890380859375
1256	505.1525573730469
1257	509.8661193847656
1258	505.7237243652344
1259	510.3763732910156
1260	505.92047119140625
1261	510.1240539550781
1262	506.03399658203125
1263	510.15155029296875
1264	506.146484375
1265	510.576904296875
1266	506.3016662597656
1267	511.58013916015625
1268	506.3980712890625
1269	512.713134765625
1270	506.33447265625
1271	513.5422973632812
1272	505.9021911621094
1273	513.21484375
1274	505.231689453125
1275	512.0633544921875
1276	504.4708251953125
1277	510.6363220214844
1278	503.93359375
1279	509.7513122558594
1280	503.60174560546875
1281	509.1793212890625
1282	503.4732360839844
1283	509.1437072753906
1284	503.50396728515625
1285	509.47265625
1286	503.6131896972656
1287	509.9577941894531
1288	503.79376220703125
1289	510.4933166503906
1290	503.8584899902344
1291	510.6570739746094
1292	503.74761962890625
1293	510.5761413574219
1294	503.51605224609375
1295	510.1659240722656
1296	503.29864501953125
1297	509.8891296386719
1298	503.224365234375
1299	510.0572814941406
1300	503.277587890625
1301	510.52374267578125
1302	503.4156494140625
1303	511.1282958984375
1304	503.4111022949219
1305	511.2288513183594
1306	503.3148193359375
1307	510.9328918457031
1308	503.2069091796875
1309	510.477783203125
1310	503.1657409667969
1311	510.01971435546875
1312	503.3123474121094
1313	509.9353942871094
1314	503.553466796875
1315	510.076416015625
1316	503.8824768066406
1317	510.4782409667969
1318	504.2378234863281
1319	511.0989685058594
1320	504.5649108886719
1321	511.8532409667969
1322	504.71221923828125
1323	512.4429931640625
1324	504.5901184082031
1325	512.6143188476562
1326	504.18505859375
1327	512.2525024414062
1328	503.5811767578125
1329	511.4993896484375
1330	502.93389892578125
1331	510.87322998046875
1332	502.4768981933594
1333	510.5788269042969
1334	502.20501708984375
1335	510.6394958496094
1336	502.0802917480469
1337	510.72698974609375
1338	501.984130859375
1339	510.7419128417969
1340	501.9716491699219
1341	510.75079345703125
1342	502.0672302246094
1343	510.7544860839844
1344	502.2885437011719
1345	510.7515563964844
1346	502.5835266113281
1347	510.7669982910156
1348	503.03338623046875
1349	511.0517883300781
1350	503.6057434082031
1351	511.587646484375
1352	504.32672119140625
1353	512.4329223632812
1354	505.0309143066406
1355	513.5414428710938
1356	505.4449768066406
1357	514.2897338867188
1358	505.4301452636719
1359	514.51611328125
1360	505.00860595703125
1361	514.1644287109375
1362	504.2943420410156
1363	513.4266967773438
1364	503.5338439941406
1365	512.6497802734375
1366	502.8484191894531
1367	512.0499877929688
1368	502.3417053222656
1369	511.69195556640625
1370	502.08123779296875
1371	511.6546936035156
1372	501.9816589355469
1373	511.7431335449219
1374	501.95037841796875
1375	511.6380310058594
1376	502.1152648925781
1377	511.6805725097656
1378	502.4203796386719
1379	511.8472900390625
1380	502.89068603515625
1381	512.3474731445312
1382	503.4781188964844
1383	513.0326538085938
1384	504.17254638671875
1385	513.6937866210938
1386	504.9403076171875
1387	514.3375244140625
1388	505.6735534667969
1389	514.9403686523438
1390	506.3652038574219
1391	515.6976318359375
1392	506.80419921875
1393	516.2442016601562
1394	506.8692932128906
1395	515.866455078125
1396	506.35943603515625
1397	515.3740234375
1398	505.62371826171875
1399	514.6878662109375
1400	504.8959045410156
1401	514.1258544921875
1402	504.33026123046875
1403	513.8016357421875
1404	503.8518981933594
1405	513.439453125
1406	503.3702697753906
1407	513.0525512695312
1408	502.84466552734375
1409	512.4810791015625
1410	502.3900146484375
1411	511.9286804199219
1412	502.2899169921875
1413	511.7994079589844
1414	502.81060791015625
1415	512.4109497070312
1416	504.03155517578125
1417	513.8606567382812
1418	505.9912414550781
1419	516.1004638671875
1420	508.02972412109375
1421	517.9345092773438
1422	509.830810546875
1423	520.2267456054688
1424	509.64288330078125
1425	519.0446166992188
1426	508.9954833984375
1427	519.018310546875
1428	507.3112487792969
1429	516.716796875
1430	506.3120422363281
1431	516.7310180664062
1432	504.8973693847656
1433	514.7022094726562
1434	504.3709411621094
1435	514.9313354492188
1436	503.4397888183594
1437	512.9918823242188
1438	503.22137451171875
1439	513.1687622070312
1440	502.1688537597656
1441	511.4591064453125
1442	501.9388427734375
1443	512.7591552734375
1444	502.4999084472656
1445	514.6148071289062
1446	503.58709716796875
1447	516.7009887695312
1448	505.13970947265625
1449	518.2987060546875
1450	506.885009765625
1451	519.1878662109375
1452	509.04791259765625
1453	519.7816772460938
1454	510.71356201171875
1455	520.0596923828125
1456	511.2839050292969
1457	519.7091674804688
1458	510.5774230957031
1459	518.7788696289062
1460	509.06158447265625
1461	517.1288452148438
1462	506.8389587402344
1463	514.9006958007812
1464	504.83642578125
1465	512.9458618164062
1466	503.3806457519531
1467	512.3756713867188
1468	503.3085021972656
1469	513.8936157226562
1470	504.45635986328125
1471	517.2046508789062
1472	505.7337646484375
1473	519.9524536132812
1474	504.9834899902344
1475	518.315185546875
1476	503.2221374511719
1477	515.23828125
1478	502.5971374511719
1479	514.3890991210938
1480	503.85833740234375
1481	516.306884765625
1482	507.27801513671875
1483	520.3846435546875
1484	512.3073120117188
1485	522.9063720703125
1486	515.1892700195312
1487	520.0476684570312
1488	513.4677124023438
1489	516.6397094726562
1490	510.461669921875
1491	515.5222778320312
1492	507.6354064941406
1493	514.5780639648438
1494	507.5657653808594
1495	519.1637573242188
1496	509.91082763671875
1497	527.0855102539062
1498	511.28131103515625
1499	529.1333618164062
1500	507.8900146484375
1501	520.8751220703125
1502	505.7082824707031
1503	516.7905883789062
1504	504.9393615722656
1505	516.6528930664062
1506	505.486572265625
1507	518.6683959960938
1508	506.2420959472656
1509	519.484619140625
1510	508.17132568359375
1511	519.3815307617188
1512	510.400146484375
1513	519.1881103515625
1514	512.3451538085938
1515	519.6256103515625
1516	513.5868530273438
1517	520.2920532226562
1518	513.1627807617188
1519	520.48046875
1520	513.2537231445312
1521	524.6204223632812
1522	515.128173828125
1523	531.7928466796875
1524	512.3629150390625
1525	526.4547119140625
1526	508.41705322265625
1527	519.3878173828125
1528	506.5028991699219
1529	516.9196166992188
1530	506.5696105957031
1531	518.8038940429688
1532	507.1830749511719
1533	519.9254760742188
1534	508.21270751953125
1535	520.71435546875
1536	509.00347900390625
1537	520.1126098632812
1538	509.5317077636719
1539	519.5468139648438
1540	510.63580322265625
1541	519.583251953125
1542	511.7786865234375
1543	519.6686401367188
1544	512.9642333984375
1545	521.1823120117188
1546	514.2703857421875
1547	524.844482421875
1548	516.8779296875
1549	533.4291381835938
1550	515.9063110351562
1551	530.6947021484375
1552	511.2146301269531
1553	521.7101440429688
1554	508.7489318847656
1555	518.7533569335938
1556	507.6537780761719
1557	518.7185668945312
1558	508.05120849609375
1559	520.1527709960938
1560	509.8064270019531
1561	523.0563354492188
1562	512.2042846679688
1563	524.0567016601562
1564	513.1966552734375
1565	522.4002075195312
1566	512.8296508789062
1567	520.4146118164062
1568	512.7617797851562
1569	520.0845947265625
1570	513.6722412109375
1571	521.3798828125
1572	514.624755859375
1573	523.6722412109375
1574	517.124267578125
1575	531.8553466796875
1576	517.1473999023438
1577	532.9183959960938
1578	512.7728881835938
1579	524.42578125
1580	509.9347839355469
1581	520.1309204101562
1582	508.83489990234375
1583	518.8180541992188
1584	510.142578125
1585	520.4722900390625
1586	513.2384033203125
1587	524.7437133789062
1588	516.3050537109375
1589	528.2492065429688
1590	518.1243286132812
1591	529.2127685546875
1592	519.0178833007812
1593	527.206298828125
1594	518.3314208984375
1595	523.7239379882812
1596	517.7124633789062
1597	521.8575439453125
1598	517.3997192382812
1599	523.0350952148438
1600	517.057373046875
1601	526.9829711914062
1602	518.5291137695312
1603	537.5007934570312
1604	515.4017333984375
1605	534.0763549804688
1606	508.2450256347656
1607	520.6061401367188
1608	505.2311096191406
1609	517.1278076171875
1610	506.237548828125
1611	518.6383056640625
1612	513.0672607421875
1613	526.1738891601562
1614	523.9847412109375
1615	533.0626831054688
1616	525.5906372070312
1617	535.1763305664062
1618	519.5728149414062
1619	533.0518188476562
1620	517.9735717773438
1621	528.9247436523438
1622	521.26708984375
1623	525.1052856445312
1624	524.2130737304688
1625	524.0081176757812
1626	523.497314453125
1627	527.0816040039062
1628	521.80078125
1629	537.2109375
1630	518.7282104492188
1631	540.1653442382812
1632	511.1964416503906
1633	526.986572265625
1634	508.1822509765625
1635	519.7527465820312
1636	504.707763671875
1637	516.8670654296875
1638	503.4205322265625
1639	522.94775390625
1640	512.3878784179688
1641	533.9633178710938
1642	528.7696533203125
1643	537.6406860351562
1644	525.2498779296875
1645	530.7667846679688
1646	518.7820434570312
1647	528.8926391601562
1648	524.962158203125
1649	529.8208618164062
1650	533.7022094726562
1651	526.2700805664062
1652	530.3666381835938
1653	523.69580078125
1654	523.7615356445312
1655	531.0424194335938
1656	520.162109375
1657	543.4944458007812
1658	513.2531127929688
1659	535.8582153320312
1660	508.6217041015625
1661	529.4722290039062
1662	506.0582580566406
1663	524.0501098632812
1664	503.7861328125
1665	523.8350830078125
1666	507.5980224609375
1667	533.4226684570312
1668	523.3660888671875
1669	542.6734008789062
1670	535.3628540039062
1671	532.4911499023438
1672	518.1241455078125
1673	524.2964477539062
1674	517.2108154296875
1675	527.2080688476562
1676	529.12939453125
1677	530.0999145507812
1678	536.6102905273438
1679	526.9234619140625
1680	531.2113647460938
1681	530.6328125
1682	523.1826171875
1683	536.6835327148438
1684	509.9902648925781
1685	523.561767578125
1686	504.3959655761719
1687	520.421630859375
1688	509.65667724609375
1689	540.0289916992188
1690	516.1071166992188
1691	558.4280395507812
1692	506.1282043457031
1693	528.6729736328125
1694	511.13140869140625
1695	534.3863525390625
1696	527.7811279296875
1697	528.3218994140625
1698	528.9443969726562
1699	520.2127075195312
1700	517.8333740234375
1701	527.2799072265625
1702	529.5704345703125
1703	535.3358154296875
1704	539.402587890625
1705	534.9566040039062
1706	534.4207763671875
1707	531.1102905273438
1708	527.4059448242188
1709	544.3195190429688
1710	516.2813720703125
1711	534.7067260742188
1712	508.49542236328125
1713	526.5708618164062
1714	509.7848205566406
1715	532.6853637695312
1716	509.6086120605469
1717	540.0709838867188
1718	508.6739196777344
1719	548.1328735351562
1720	508.5668029785156
1721	528.1952514648438
1722	527.5264892578125
1723	531.9895629882812
1724	532.676025390625
1725	522.01611328125
1726	519.5416870117188
1727	522.857666015625
1728	526.619873046875
1729	524.412841796875
1730	529.0280151367188
1731	535.2698974609375
1732	535.7307739257812
1733	543.7557373046875
1734	537.2823486328125
1735	550.6402587890625
1736	519.7529907226562
1737	533.5967407226562
1738	510.97332763671875
1739	529.162353515625
1740	507.1455993652344
1741	524.3658447265625
1742	501.6933288574219
1743	522.5396728515625
1744	504.5852966308594
1745	541.2425537109375
1746	512.477783203125
1747	544.6640625
1748	527.1737060546875
1749	538.0087890625
1750	538.9907836914062
1751	523.372802734375
1752	523.12939453125
1753	516.6795043945312
1754	519.7112426757812
1755	515.376708984375
1756	514.5986328125
1757	524.5791015625
1758	526.8052368164062
1759	550.4434204101562
1760	541.4865112304688
1761	555.5001220703125
1762	534.1937255859375
1763	545.5516967773438
1764	516.6597900390625
1765	526.1002197265625
1766	508.4257507324219
1767	526.4248046875
1768	501.1219787597656
1769	517.6339111328125
1770	499.3544921875
1771	521.8590698242188
1772	511.1033630371094
1773	545.6040649414062
1774	537.5842895507812
1775	562.85498046875
1776	540.2615356445312
1777	520.32470703125
1778	524.19189453125
1779	516.7003784179688
1780	515.7296752929688
1781	512.139892578125
1782	507.353271484375
1783	514.0135498046875
1784	517.728515625
1785	536.5737915039062
1786	533.8020629882812
1787	559.40234375
1788	529.743408203125
1789	540.5753784179688
1790	518.2662963867188
1791	532.6893920898438
1792	510.2695007324219
1793	529.433349609375
1794	503.1903076171875
1795	524.1504516601562
1796	500.97320556640625
1797	523.5924682617188
1798	508.94720458984375
1799	530.7714233398438
1800	533.6500244140625
1801	545.606689453125
1802	552.0770874023438
1803	551.8155517578125
1804	528.1015014648438
1805	520.6635131835938
1806	511.9980773925781
1807	513.1072387695312
1808	504.29290771484375
1809	507.51824951171875
1810	506.025146484375
1811	515.559814453125
1812	519.2452392578125
1813	549.227783203125
1814	534.6529541015625
1815	574.5943603515625
1816	530.0416259765625
1817	537.5979614257812
1818	518.5397338867188
1819	530.8080444335938
1820	506.9448547363281
1821	520.2778930664062
1822	504.1517333984375
1823	525.6572265625
1824	515.4110107421875
1825	533.955322265625
1826	540.8049926757812
1827	529.9959716796875
1828	537.4490356445312
1829	518.868896484375
1830	522.0072021484375
1831	508.70867919921875
1832	505.2320556640625
1833	507.4332580566406
1834	508.1575927734375
1835	541.2249755859375
1836	517.6527709960938
1837	545.7730102539062
1838	519.454833984375
1839	542.8233642578125
1840	521.7100219726562
1841	542.5097045898438
1842	516.466064453125
1843	531.3380737304688
1844	510.72259521484375
1845	531.5078735351562
1846	507.2282409667969
1847	535.6546020507812
1848	509.5597839355469
1849	542.3167114257812
1850	517.69287109375
1851	538.6727294921875
1852	543.0777587890625
1853	537.0911254882812
1854	538.7976684570312
1855	522.6273193359375
1856	518.2434692382812
1857	518.9755249023438
1858	512.766357421875
1859	526.4334716796875
1860	512.3836669921875
1861	529.4869995117188
1862	510.3069763183594
1863	520.6567993164062
1864	514.4076538085938
1865	535.2780151367188
1866	520.7198486328125
1867	541.572265625
1868	523.2230224609375
1869	530.7689819335938
1870	517.5305786132812
1871	532.6852416992188
1872	511.2887268066406
1873	540.5282592773438
1874	509.3941955566406
1875	533.77734375
1876	524.457763671875
1877	549.8577270507812
1878	555.1446533203125
1879	535.9238891601562
1880	539.6151733398438
1881	516.1158447265625
1882	511.72406005859375
1883	505.5554504394531
1884	498.5914306640625
1885	502.2511901855469
1886	497.574462890625
1887	505.9032287597656
1888	511.34954833984375
1889	519.6131591796875
1890	556.6538696289062
1891	531.8084106445312
1892	540.8884887695312
1893	538.0972900390625
1894	539.6300659179688
1895	527.0698852539062
1896	516.1760864257812
1897	515.9622802734375
1898	511.937744140625
1899	528.2599487304688
1900	517.33740234375
1901	541.56787109375
1902	519.0563354492188
1903	530.3182983398438
1904	532.5421752929688
1905	537.4548950195312
1906	546.5325927734375
1907	529.92724609375
1908	545.3313598632812
1909	512.9566650390625
1910	513.3057250976562
1911	506.42193603515625
1912	507.8158264160156
1913	506.9286193847656
1914	513.66455078125
1915	512.1141967773438
1916	530.231689453125
1917	525.571533203125
1918	546.4536743164062
1919	539.877685546875
1920	538.2451782226562
1921	540.930908203125
1922	514.3494262695312
1923	518.9373168945312
1924	507.5463562011719
1925	518.0623168945312
1926	509.35040283203125
1927	528.1005249023438
1928	517.9134521484375
1929	535.3015747070312
1930	535.5447387695312
1931	534.7843017578125
1932	530.619140625
1933	524.7798461914062
1934	529.8307495117188
1935	525.94970703125
1936	546.5543212890625
1937	513.0369262695312
1938	515.8865966796875
1939	511.36395263671875
1940	520.4011840820312
1941	510.0258483886719
1942	525.4186401367188
1943	513.487060546875
1944	537.39892578125
1945	530.9525756835938
1946	544.3240356445312
1947	543.5780639648438
1948	522.0791015625
1949	532.6408081054688
1950	512.451171875
1951	526.510498046875
1952	518.8861694335938
1953	534.7670288085938
1954	526.2949829101562
1955	522.8587036132812
1956	520.4089965820312
1957	524.57568359375
1958	507.6627197265625
1959	517.7564697265625
1960	499.08489990234375
1961	507.5694885253906
1962	494.51849365234375
1963	506.3778991699219
1964	503.441162109375
1965	513.2218627929688
1966	528.7996826171875
1967	520.7219848632812
1968	526.786865234375
1969	558.4790649414062
1970	534.7628784179688
1971	553.9458618164062
1972	529.9595947265625
1973	536.2723999023438
1974	521.8953247070312
1975	533.4075317382812
1976	522.1825561523438
1977	544.4249877929688
1978	536.30615234375
1979	536.1700439453125
1980	534.96826171875
1981	527.8058471679688
1982	517.3147583007812
1983	531.7086791992188
1984	514.9424438476562
1985	530.310302734375
1986	505.6532287597656
1987	516.0239868164062
1988	509.44354248046875
1989	523.884765625
1990	523.9354858398438
1991	545.4627075195312
1992	519.66796875
1993	528.8311157226562
1994	507.14105224609375
1995	511.422607421875
1996	518.4757690429688
1997	527.10400390625
1998	532.1837158203125
1999	543.3235473632812
2000	533.5191650390625
2001	543.7881469726562
2002	538.2772216796875
2003	541.0745239257812
2004	525.7212524414062
2005	526.8800659179688
2006	513.3137817382812
2007	529.1018676757812
2008	510.7969970703125
2009	526.8842163085938
2010	506.2188415527344
2011	515.95166015625
2012	501.0927734375
2013	514.5863647460938
2014	512.2923583984375
2015	531.1343383789062
2016	535.4052734375
2017	547.9182739257812
2018	514.6209716796875
2019	521.7771606445312
2020	521.848876953125
2021	525.636474609375
2022	530.4414672851562
2023	533.98095703125
2024	530.8449096679688
2025	534.5989379882812
2026	537.5180053710938
2027	534.1810913085938
2028	529.256591796875
2029	530.1149291992188
2030	515.3787231445312
2031	528.7486572265625
2032	511.8752746582031
2033	533.0939331054688
2034	507.0551452636719
2035	520.5816040039062
2036	503.88916015625
2037	514.915771484375
2038	506.14459228515625
2039	521.8768920898438
2040	522.187255859375
2041	542.2182006835938
2042	521.2536010742188
2043	527.5643310546875
2044	511.9415588378906
2045	517.1942749023438
2046	519.0374755859375
2047	529.783447265625
2048	537.3460083007812
2049	539.7996826171875
2050	541.0297241210938
2051	537.943603515625
2052	532.870361328125
2053	529.88232421875
2054	517.3828735351562
2055	527.962646484375
2056	508.9913635253906
2057	526.5960083007812
2058	507.3572998046875
2059	523.8549194335938
2060	505.8509521484375
2061	515.3580932617188
2062	502.4525451660156
2063	512.0558471679688
2064	508.1297302246094
2065	528.6928100585938
2066	530.0430908203125
2067	541.0198974609375
2068	520.934326171875
2069	525.2654418945312
2070	518.13037109375
2071	521.016357421875
2072	522.3939208984375
2073	528.26416015625
2074	535.7949829101562
2075	532.5648803710938
2076	538.7066040039062
2077	531.6651611328125
2078	526.82958984375
2079	531.0825805664062
2080	515.8890991210938
2081	529.892822265625
2082	510.4849548339844
2083	530.3004760742188
2084	507.8876953125
2085	525.6255493164062
2086	505.39495849609375
2087	516.2769165039062
2088	504.79339599609375
2089	519.3043212890625
2090	518.2855834960938
2091	544.328125
2092	531.3721923828125
2093	535.4369506835938
2094	507.98974609375
2095	513.49658203125
2096	512.375244140625
2097	521.2722778320312
2098	529.181884765625
2099	540.470703125
2100	549.0473022460938
2101	540.6398315429688
2102	539.5784912109375
2103	528.4051513671875
2104	517.7574462890625
2105	525.9680786132812
2106	510.1123352050781
2107	527.7548828125
2108	507.851318359375
2109	527.3411865234375
2110	506.2264099121094
2111	519.430419921875
2112	503.5887145996094
2113	513.1992797851562
2114	505.77056884765625
2115	523.3867797851562
2116	521.35009765625
2117	541.6851196289062
2118	524.3568115234375
2119	523.55859375
2120	508.7201232910156
2121	517.0361938476562
2122	516.4317016601562
2123	528.6505737304688
2124	532.9696044921875
2125	535.2976684570312
2126	543.8367309570312
2127	532.3516845703125
2128	531.5385131835938
2129	528.6814575195312
2130	517.1629638671875
2131	527.5357055664062
2132	508.9636535644531
2133	525.7106323242188
2134	508.45050048828125
2135	526.6484375
2136	508.1651306152344
2137	518.5064697265625
2138	505.7452697753906
2139	517.7103881835938
2140	514.8094482421875
2141	537.8290405273438
2142	526.705078125
2143	536.35205078125
2144	509.25
2145	514.6547241210938
2146	510.0407409667969
2147	520.2984008789062
2148	522.0774536132812
2149	538.0687255859375
2150	545.5388793945312
2151	541.5164184570312
2152	544.7430419921875
2153	528.6505737304688
2154	522.2853393554688
2155	521.2838134765625
2156	511.61541748046875
2157	525.4799194335938
2158	506.92974853515625
2159	526.7733764648438
2160	505.0701599121094
2161	520.948974609375
2162	504.5855712890625
2163	513.66845703125
2164	504.77117919921875
2165	516.980224609375
2166	520.63037109375
2167	538.2973022460938
2168	524.9112548828125
2169	530.1945190429688
2170	506.0779113769531
2171	520.5927734375
2172	515.4965209960938
2173	528.986572265625
2174	530.8226318359375
2175	534.873779296875
2176	544.3541259765625
2177	532.7262573242188
2178	531.699951171875
2179	522.1473388671875
2180	515.227783203125
2181	525.3043823242188
2182	510.8033752441406
2183	534.2427978515625
2184	508.0851745605469
2185	524.1731567382812
2186	503.6703796386719
2187	514.9397583007812
2188	504.156005859375
2189	517.4968872070312
2190	514.4382934570312
2191	539.0575561523438
2192	531.4144287109375
2193	541.63330078125
2194	509.771728515625
2195	518.5455322265625
2196	511.45770263671875
2197	523.3894653320312
2198	515.41259765625
2199	531.1744384765625
2200	531.7317504882812
2201	534.52392578125
2202	544.9458618164062
2203	531.3692626953125
2204	534.5220336914062
2205	529.52978515625
2206	516.6580810546875
2207	528.85986328125
2208	509.0387878417969
2209	526.7103271484375
2210	504.2464599609375
2211	513.5904541015625
2212	502.7379150390625
2213	509.0386047363281
2214	503.34222412109375
2215	515.0418701171875
2216	515.7103881835938
2217	536.1389770507812
2218	526.324951171875
2219	537.4839477539062
2220	516.9663696289062
2221	524.9324340820312
2222	514.50146484375
2223	529.8515625
2224	521.298583984375
2225	528.5613403320312
2226	528.1607055664062
2227	529.2003173828125
2228	535.7616577148438
2229	526.7196044921875
2230	528.6248779296875
2231	528.3131713867188
2232	514.7068481445312
2233	527.097900390625
2234	507.6684875488281
2235	523.6935424804688
2236	503.0361328125
2237	512.9853515625
2238	501.31463623046875
2239	513.8012084960938
2240	509.4840087890625
2241	535.593017578125
2242	524.1055297851562
2243	542.681884765625
2244	524.328857421875
2245	519.221435546875
2246	505.42755126953125
2247	519.1458129882812
2248	516.8439331054688
2249	531.4300537109375
2250	524.7689208984375
2251	535.131591796875
2252	529.9719848632812
2253	529.59765625
2254	528.35205078125
2255	520.7617797851562
2256	524.1824340820312
2257	528.2182006835938
2258	514.9721069335938
2259	527.250732421875
2260	514.1229858398438
2261	524.2427978515625
2262	501.25628662109375
2263	510.6297607421875
2264	498.4814453125
2265	511.080078125
2266	506.640869140625
2267	526.6921997070312
2268	523.67529296875
2269	539.8070068359375
2270	518.2808227539062
2271	518.6273803710938
2272	514.97802734375
2273	521.5433959960938
2274	524.437744140625
2275	541.1387939453125
2276	531.4729614257812
2277	541.5119018554688
2278	526.0325927734375
2279	527.3820190429688
2280	527.539306640625
2281	523.3109130859375
2282	525.2791748046875
2283	530.4522094726562
2284	514.4202270507812
2285	526.0364990234375
2286	507.63470458984375
2287	521.5144653320312
2288	501.47247314453125
2289	511.7364196777344
2290	503.8132019042969
2291	522.8175659179688
2292	521.0618286132812
2293	547.6246948242188
2294	526.3339233398438
2295	524.128662109375
2296	511.1302795410156
2297	516.2003784179688
2298	518.3053588867188
2299	520.594482421875
2300	526.8026733398438
2301	534.552978515625
2302	524.7634887695312
2303	535.6919555664062
2304	523.9947509765625
2305	527.29931640625
2306	526.0385131835938
2307	526.0479736328125
2308	517.5320434570312
2309	521.215087890625
2310	508.79522705078125
2311	521.7150268554688
2312	505.7657775878906
2313	520.8479614257812
2314	504.6745300292969
2315	521.3693237304688
2316	513.4361572265625
2317	538.8485717773438
2318	523.5303344726562
2319	538.8931884765625
2320	521.6154174804688
2321	512.3289794921875
2322	504.84088134765625
2323	513.3017578125
2324	518.8399658203125
2325	521.8731689453125
2326	530.195556640625
2327	536.9320678710938
2328	530.4609985351562
2329	550.3820190429688
2330	527.4342651367188
2331	525.6941528320312
2332	523.8753051757812
2333	520.044189453125
2334	512.9584350585938
2335	521.4767456054688
2336	507.2212829589844
2337	524.36279296875
2338	504.08544921875
2339	521.1869506835938
2340	505.021484375
2341	524.479248046875
2342	515.0037841796875
2343	541.9623413085938
2344	524.8197631835938
2345	539.1564331054688
2346	517.7623901367188
2347	512.6205444335938
2348	505.6122131347656
2349	510.8748474121094
2350	518.4014282226562
2351	517.2499389648438
2352	534.4485473632812
2353	522.4515991210938
2354	524.1232299804688
2355	542.7089233398438
2356	529.0379028320312
2357	543.5874633789062
2358	526.914794921875
2359	528.778076171875
2360	514.9994506835938
2361	519.0993041992188
2362	506.0350036621094
2363	516.3353271484375
2364	501.6678771972656
2365	516.3596801757812
2366	503.1529235839844
2367	528.1736450195312
2368	516.519775390625
2369	544.23291015625
2370	526.3770751953125
2371	531.060791015625
2372	529.18310546875
2373	520.19384765625
2374	522.2546997070312
2375	515.5238037109375
2376	519.85546875
2377	510.3172302246094
2378	510.1801452636719
2379	519.7826538085938
2380	512.5777587890625
2381	522.25634765625
2382	522.93505859375
2383	547.260986328125
2384	529.3285522460938
2385	537.29736328125
2386	518.88916015625
2387	524.3541870117188
2388	505.5364074707031
2389	515.1910400390625
2390	498.5443115234375
2391	512.2860717773438
2392	499.7327880859375
2393	525.15478515625
2394	518.2706298828125
2395	553.4025268554688
2396	535.5716552734375
2397	541.1619262695312
2398	536.8900756835938
2399	521.672607421875
2400	525.8273315429688
2401	510.0773620605469
2402	506.72210693359375
2403	505.61083984375
2404	501.6125183105469
2405	507.8914794921875
2406	505.54058837890625
2407	518.897216796875
2408	523.5654296875
2409	551.4813842773438
2410	537.9498901367188
2411	547.6358642578125
2412	518.8566284179688
2413	521.8742065429688
2414	502.92266845703125
2415	514.4440307617188
2416	500.13067626953125
2417	521.4933471679688
2418	510.744140625
2419	544.916259765625
2420	526.1071166992188
2421	548.7122802734375
2422	538.0020141601562
2423	528.8765869140625
2424	535.06005859375
2425	514.299560546875
2426	510.7049255371094
2427	505.55810546875
2428	503.255859375
2429	505.3504638671875
2430	503.0505065917969
2431	515.1328125
2432	514.3452758789062
2433	532.2572631835938
2434	523.5088500976562
2435	543.8367919921875
2436	524.9843139648438
2437	532.236328125
2438	514.3973999023438
2439	516.77783203125
2440	505.5995178222656
2441	515.2185668945312
2442	508.2005615234375
2443	530.675537109375
2444	523.435791015625
2445	549.5265502929688
2446	526.764404296875
2447	531.797607421875
2448	523.6732177734375
2449	520.3074951171875
2450	522.7552490234375
2451	512.7720947265625
2452	512.068603515625
2453	510.3052673339844
2454	509.5541076660156
2455	518.4202880859375
2456	510.9259948730469
2457	521.992919921875
2458	514.401611328125
2459	536.5770874023438
2460	521.8870849609375
2461	543.6783447265625
2462	519.8651123046875
2463	519.1177368164062
2464	512.4140625
2465	511.0818176269531
2466	507.52496337890625
2467	515.3422241210938
2468	518.1255493164062
2469	540.5435180664062
2470	529.95458984375
2471	558.411376953125
2472	520.9920654296875
2473	529.2461547851562
2474	517.3250732421875
2475	521.840576171875
2476	524.3616943359375
2477	511.45166015625
2478	509.2518310546875
2479	511.6614990234375
2480	509.8769836425781
2481	513.4514770507812
2482	505.4767761230469
2483	507.9570617675781
2484	508.2421875
2485	529.053955078125
2486	524.4676513671875
2487	547.8126220703125
2488	527.712158203125
2489	525.857421875
2490	514.5130004882812
2491	511.37921142578125
2492	509.2415771484375
2493	520.055419921875
2494	520.4447631835938
2495	543.9494018554688
2496	530.1736450195312
2497	552.8841552734375
2498	517.37890625
2499	526.0756225585938
2500	513.0869140625
2501	517.2978515625
2502	517.601318359375
2503	514.1292724609375
2504	522.2105712890625
2505	514.5167236328125
2506	508.2872619628906
2507	516.5187377929688
2508	509.0953369140625
2509	513.6144409179688
2510	508.8211364746094
2511	527.4974975585938
2512	518.9970092773438
2513	537.6978149414062
2514	521.4402465820312
2515	520.6829223632812
2516	514.2626953125
2517	512.16845703125
2518	514.3597412109375
2519	521.8692626953125
2520	525.2945556640625
2521	544.1450805664062
2522	525.4385986328125
2523	552.1351928710938
2524	518.91357421875
2525	531.7911376953125
2526	515.6524047851562
2527	516.1602172851562
2528	512.9201049804688
2529	513.4920043945312
2530	525.2753295898438
2531	512.5647583007812
2532	504.6194152832031
2533	509.321044921875
2534	505.5088806152344
2535	511.0199890136719
2536	500.682861328125
2537	508.2713623046875
2538	506.1930847167969
2539	512.6129150390625
2540	519.5125732421875
2541	527.3958129882812
2542	530.0003051757812
2543	551.7144165039062
2544	530.5084228515625
2545	540.4638061523438
2546	528.4722290039062
2547	544.9287109375
2548	517.1620483398438
2549	531.02294921875
2550	511.905029296875
2551	526.4169311523438
2552	512.8363037109375
2553	522.861572265625
2554	514.554443359375
2555	520.1368408203125
2556	526.9121704101562
2557	519.9320678710938
2558	505.8399963378906
2559	509.361328125
2560	505.65887451171875
2561	513.7875366210938
2562	507.6977233886719
2563	521.490478515625
2564	521.941650390625
2565	533.364990234375
2566	527.5411987304688
2567	522.6140747070312
2568	521.0057373046875
2569	517.2185668945312
2570	519.1083374023438
2571	525.2109985351562
2572	521.49755859375
2573	546.9439697265625
2574	517.3637084960938
2575	541.50927734375
2576	514.4241333007812
2577	528.0114135742188
2578	510.6333923339844
2579	513.082763671875
2580	509.7850036621094
2581	514.4652099609375
2582	525.1904296875
2583	517.6748657226562
2584	506.0155334472656
2585	510.55718994140625
2586	508.3139343261719
2587	518.4028930664062
2588	509.8830871582031
2589	524.731689453125
2590	521.7056884765625
2591	536.150634765625
2592	533.89794921875
2593	526.25537109375
2594	525.5726318359375
2595	515.947998046875
2596	516.3875732421875
2597	525.9088745117188
2598	520.8318481445312
2599	552.1309814453125
2600	518.0875244140625
2601	543.5069580078125
2602	512.672607421875
2603	526.1932373046875
2604	509.5831298828125
2605	514.1716918945312
2606	509.80902099609375
2607	513.6202392578125
2608	524.16357421875
2609	516.23388671875
2610	505.2370300292969
2611	510.97894287109375
2612	509.12225341796875
2613	517.8037719726562
2614	516.1090087890625
2615	529.6476440429688
2616	530.380859375
2617	540.1654052734375
2618	527.797119140625
2619	520.300537109375
2620	518.6719360351562
2621	513.4361572265625
2622	512.7298583984375
2623	524.3530883789062
2624	520.7591552734375
2625	556.58544921875
2626	519.0282592773438
2627	542.9879150390625
2628	512.7244262695312
2629	522.6905517578125
2630	513.3424682617188
2631	514.7161865234375
2632	515.230224609375
2633	511.81268310546875
2634	512.6492919921875
2635	520.2144775390625
2636	509.2725524902344
2637	517.8990478515625
2638	511.5278625488281
2639	517.4057006835938
2640	522.4256591796875
2641	522.9025268554688
2642	524.4737548828125
2643	535.3919677734375
2644	524.1467895507812
2645	524.55419921875
2646	516.4774780273438
2647	517.33203125
2648	513.461181640625
2649	531.693115234375
2650	520.927001953125
2651	553.1589965820312
2652	513.6748657226562
2653	534.089599609375
2654	509.133544921875
2655	520.2252197265625
2656	513.2966918945312
2657	514.1760864257812
2658	523.0324096679688
2659	510.4889221191406
2660	504.7148742675781
2661	522.5005493164062
2662	518.1917724609375
2663	522.4539794921875
2664	519.6552734375
2665	514.0120849609375
2666	516.032958984375
2667	520.74609375
2668	522.4669799804688
2669	532.3323364257812
2670	525.7916259765625
2671	523.4976196289062
2672	513.4900512695312
2673	515.7415161132812
2674	510.60888671875
2675	526.0732421875
2676	517.4312744140625
2677	548.38623046875
2678	512.8450317382812
2679	536.2389526367188
2680	512.0244750976562
2681	525.5156860351562
2682	520.04541015625
2683	515.4449462890625
2684	513.511474609375
2685	515.3778686523438
2686	512.925537109375
2687	523.5150756835938
2688	522.6990356445312
2689	516.84033203125
2690	510.45513916015625
2691	502.4002990722656
2692	503.45458984375
2693	503.7572937011719
2694	513.0930786132812
2695	518.228515625
2696	524.447998046875
2697	541.4108276367188
2698	519.1900024414062
2699	536.7894897460938
2700	517.9589233398438
2701	536.2382202148438
2702	516.7692260742188
2703	544.4996337890625
2704	504.72723388671875
2705	522.931396484375
2706	507.4772644042969
2707	524.5501098632812
2708	522.3499755859375
2709	522.9072875976562
2710	514.7448120117188
2711	524.2011108398438
2712	521.1995849609375
2713	531.8031616210938
2714	528.1593627929688
2715	513.0350952148438
2716	507.9921569824219
2717	504.9942932128906
2718	506.2424621582031
2719	514.8419189453125
2720	523.6293334960938
2721	535.6904907226562
2722	529.7576293945312
2723	534.20947265625
2724	515.8506469726562
2725	522.2989501953125
2726	509.8357238769531
2727	529.1986694335938
2728	511.0950927734375
2729	539.58203125
2730	507.00946044921875
2731	527.5993041992188
2732	518.0437622070312
2733	529.1974487304688
2734	526.4848022460938
2735	521.4749145507812
2736	512.9204711914062
2737	522.6039428710938
2738	525.6875
2739	525.9942626953125
2740	516.9127807617188
2741	505.5110168457031
2742	503.3932189941406
2743	504.4747009277344
2744	508.3198547363281
2745	516.7798461914062
2746	525.7105712890625
2747	540.894287109375
2748	523.6622314453125
2749	530.429931640625
2750	510.720458984375
2751	521.1629028320312
2752	509.3476257324219
2753	531.9677734375
2754	511.3686828613281
2755	536.7858276367188
2756	510.9844665527344
2757	527.4853515625
2758	526.3466186523438
2759	529.2466430664062
2760	520.3099975585938
2761	521.3385620117188
2762	516.473388671875
2763	525.3623657226562
2764	523.2150268554688
2765	517.266845703125
2766	508.40740966796875
2767	502.54412841796875
2768	503.7420654296875
2769	509.43621826171875
2770	516.1143188476562
2771	527.9209594726562
2772	526.6367797851562
2773	538.2435913085938
2774	515.9649658203125
2775	522.8615112304688
2776	506.6946105957031
2777	516.8626708984375
2778	505.4744873046875
2779	524.5242309570312
2780	512.6648559570312
2781	541.3680419921875
2782	515.5740966796875
2783	531.9158325195312
2784	527.2968139648438
2785	530.3681640625
2786	515.2463989257812
2787	520.025146484375
2788	518.9291381835938
2789	521.0045776367188
2790	518.644287109375
2791	518.2923583984375
2792	509.5234375
2793	505.6797180175781
2794	508.5185546875
2795	514.052490234375
2796	522.5735473632812
2797	534.271728515625
2798	523.7147827148438
2799	532.2235717773438
2800	511.41888427734375
2801	516.9420166015625
2802	502.1268005371094
2803	505.26043701171875
2804	490.8911437988281
2805	499.2508239746094
2806	491.8338928222656
2807	507.37982177734375
2808	508.7158203125
2809	532.3767700195312
2810	538.7902221679688
2811	557.6096801757812
2812	525.8381958007812
2813	546.7473754882812
2814	523.85595703125
2815	515.0693969726562
2816	511.64080810546875
2817	506.4864196777344
2818	506.2065734863281
2819	516.4896240234375
2820	515.8118896484375
2821	530.2723388671875
2822	528.89306640625
2823	539.56396484375
2824	531.1450805664062
2825	539.396484375
2826	515.1433715820312
2827	517.47705078125
2828	501.12103271484375
2829	504.03448486328125
2830	496.8813781738281
2831	504.0426940917969
2832	507.534423828125
2833	520.2811889648438
2834	521.9457397460938
2835	563.3040771484375
2836	531.96142578125
2837	550.2349853515625
2838	526.4036865234375
2839	520.3417358398438
2840	514.2694091796875
2841	506.9692687988281
2842	504.7983703613281
2843	508.709716796875
2844	508.32879638671875
2845	518.1364135742188
2846	519.713623046875
2847	519.8235473632812
2848	524.368408203125
2849	519.7081909179688
2850	519.8408203125
2851	529.1443481445312
2852	512.1746826171875
2853	529.8597412109375
2854	500.7496337890625
2855	514.15966796875
2856	500.9037170410156
2857	519.9181518554688
2858	514.8567504882812
2859	545.2484130859375
2860	526.2221069335938
2861	548.6570434570312
2862	532.2321166992188
2863	532.8427124023438
2864	522.8941040039062
2865	516.3877563476562
2866	514.9336547851562
2867	510.2969970703125
2868	506.0679626464844
2869	518.9326171875
2870	514.8719482421875
2871	524.7060546875
2872	518.5563354492188
2873	519.2769775390625
2874	523.9888916015625
2875	518.7757568359375
2876	517.2247314453125
2877	528.1005249023438
2878	510.9920349121094
2879	529.1714477539062
2880	497.30731201171875
2881	507.2261047363281
2882	497.4834289550781
2883	514.371337890625
2884	514.3129272460938
2885	545.0150756835938
2886	531.8768920898438
2887	554.9359130859375
2888	531.9735717773438
2889	529.415771484375
2890	521.1212768554688
2891	514.96875
2892	510.774169921875
2893	511.8623962402344
2894	507.5010681152344
2895	522.14111328125
2896	516.0086669921875
2897	523.6583862304688
2898	517.6677856445312
2899	514.4977416992188
2900	517.722900390625
2901	513.0081176757812
2902	514.1561279296875
2903	520.6361694335938
2904	509.6459045410156
2905	528.616943359375
2906	501.037841796875
2907	522.4061279296875
2908	506.0269470214844
2909	535.182373046875
2910	518.0326538085938
2911	544.4146728515625
2912	518.4149169921875
2913	529.68212890625
2914	535.0474853515625
2915	525.6017456054688
2916	520.8113403320312
2917	517.6363525390625
2918	516.8551025390625
2919	519.6558837890625
2920	511.7793884277344
2921	521.55224609375
2922	511.89813232421875
2923	517.4470825195312
2924	516.9164428710938
2925	512.1710815429688
2926	517.8131713867188
2927	510.8198547363281
2928	511.18426513671875
2929	520.2776489257812
2930	511.4505615234375
2931	541.6810302734375
2932	509.08905029296875
2933	538.8784790039062
2934	512.6703491210938
2935	542.8570556640625
2936	513.4892578125
2937	528.9342651367188
2938	515.341796875
2939	521.8146362304688
2940	527.5669555664062
2941	526.2215576171875
2942	530.6334228515625
2943	517.7831420898438
2944	510.8883056640625
2945	520.09326171875
2946	513.4737548828125
2947	520.0208129882812
2948	514.1096801757812
2949	512.6031494140625
2950	518.130126953125
2951	507.499267578125
2952	511.62164306640625
2953	506.2403869628906
